  [1m[35m (179.1ms)[0m  [1m[35mCREATE DATABASE "rails_validations_development" ENCODING = 'unicode'[0m
  [1m[35m (44.9ms)[0m  [1m[35mCREATE DATABASE "rails_validations_test" ENCODING = 'unicode'[0m
  [1m[35m (19.5ms)[0m  [1m[35mCREATE TABLE "schema_migrations" ("version" character varying NOT NULL PRIMARY KEY)[0m
  [1m[35m (3.5ms)[0m  [1m[35mCREATE TABLE "ar_internal_metadata" ("key" character varying NOT NULL PRIMARY KEY, "value" character varying, "created_at" timestamp(6) NOT NULL, "updated_at" timestamp(6) NOT NULL)[0m
  [1m[35m (0.2ms)[0m  [1m[34mSELECT pg_try_advisory_lock(978298965310466940)[0m
  [1m[36mActiveRecord::SchemaMigration Load (0.7ms)[0m  [1m[34mSELECT "schema_migrations"."version" FROM "schema_migrations" ORDER BY "schema_migrations"."version" ASC[0m
  [1m[36mActiveRecord::InternalMetadata Load (1.9ms)[0m  [1m[34mSELECT * FROM "ar_internal_metadata" WHERE "ar_internal_metadata"."key" = $1 ORDER BY "ar_internal_metadata"."key" ASC LIMIT 1[0m  [[nil, "environment"]]
  [1m[36mActiveRecord::InternalMetadata Create (1.2ms)[0m  [1m[32mINSERT INTO "ar_internal_metadata" ("key", "value", "created_at", "updated_at") VALUES ('environment', 'development', '2024-01-24 21:47:30.389508', '2024-01-24 21:47:30.389510') RETURNING "key"[0m
Migrating to CreateAccounts (20240124214602)
  [1m[36mTRANSACTION (0.1ms)[0m  [1m[35mBEGIN[0m
  [1m[35m (8.2ms)[0m  [1m[35mCREATE TABLE "accounts" ("id" bigserial primary key, "username" character varying, "password" character varying, "email" character varying, "created_at" timestamp(6) NOT NULL, "updated_at" timestamp(6) NOT NULL)[0m
  [1m[36mActiveRecord::SchemaMigration Create (0.6ms)[0m  [1m[32mINSERT INTO "schema_migrations" ("version") VALUES ('20240124214602') RETURNING "version"[0m
  [1m[36mTRANSACTION (0.2ms)[0m  [1m[35mCOMMIT[0m
  [1m[35m (0.3ms)[0m  [1m[34mSELECT pg_advisory_unlock(978298965310466940)[0m
  [1m[36mActiveRecord::SchemaMigration Load (0.2ms)[0m  [1m[34mSELECT "schema_migrations"."version" FROM "schema_migrations" ORDER BY "schema_migrations"."version" ASC[0m
Started GET "/" for ::1 at 2024-01-24 13:48:26 -0800
  [1m[36mActiveRecord::SchemaMigration Load (0.8ms)[0m  [1m[34mSELECT "schema_migrations"."version" FROM "schema_migrations" ORDER BY "schema_migrations"."version" ASC[0m
Processing by Rails::WelcomeController#index as HTML
  Rendering /Users/learnacademy/.rvm/gems/ruby-3.2.0/gems/railties-7.1.3/lib/rails/templates/rails/welcome/index.html.erb
  Rendered /Users/learnacademy/.rvm/gems/ruby-3.2.0/gems/railties-7.1.3/lib/rails/templates/rails/welcome/index.html.erb (Duration: 0.8ms | Allocations: 376)
Completed 200 OK in 27ms (Views: 8.1ms | ActiveRecord: 0.0ms | Allocations: 7879)


  [1m[35m (2.5ms)[0m  [1m[35mCREATE DATABASE "rails_validations_development" ENCODING = 'unicode'[0m
  [1m[35m (0.8ms)[0m  [1m[35mCREATE DATABASE "rails_validations_test" ENCODING = 'unicode'[0m
Started GET "/" for ::1 at 2024-01-24 15:30:22 -0800
  [1m[36mActiveRecord::SchemaMigration Load (2.3ms)[0m  [1m[34mSELECT "schema_migrations"."version" FROM "schema_migrations" ORDER BY "schema_migrations"."version" ASC[0m
Processing by Rails::WelcomeController#index as HTML
  Rendering /Users/learnacademy/.rvm/gems/ruby-3.2.0/gems/railties-7.1.3/lib/rails/templates/rails/welcome/index.html.erb
  Rendered /Users/learnacademy/.rvm/gems/ruby-3.2.0/gems/railties-7.1.3/lib/rails/templates/rails/welcome/index.html.erb (Duration: 0.6ms | Allocations: 376)
Completed 200 OK in 10ms (Views: 2.9ms | ActiveRecord: 0.0ms | Allocations: 4336)


  [1m[35m (0.2ms)[0m  [1m[34mSELECT pg_try_advisory_lock(978298965310466940)[0m
  [1m[36mActiveRecord::SchemaMigration Load (1.4ms)[0m  [1m[34mSELECT "schema_migrations"."version" FROM "schema_migrations" ORDER BY "schema_migrations"."version" ASC[0m
  [1m[36mActiveRecord::InternalMetadata Load (2.5ms)[0m  [1m[34mSELECT * FROM "ar_internal_metadata" WHERE "ar_internal_metadata"."key" = $1 ORDER BY "ar_internal_metadata"."key" ASC LIMIT 1[0m  [[nil, "environment"]]
  [1m[35m (0.2ms)[0m  [1m[34mSELECT pg_advisory_unlock(978298965310466940)[0m
  [1m[36mActiveRecord::SchemaMigration Load (0.1ms)[0m  [1m[34mSELECT "schema_migrations"."version" FROM "schema_migrations" ORDER BY "schema_migrations"."version" ASC[0m
  [1m[36mAccount Load (0.9ms)[0m  [1m[34mSELECT "accounts".* FROM "accounts" /* loading for pp */ LIMIT $1[0m  [["LIMIT", 11]]
  [1m[35m (228.1ms)[0m  [1m[35mCREATE DATABASE "rails_validations_development" ENCODING = 'unicode'[0m
  [1m[35m (64.3ms)[0m  [1m[35mCREATE DATABASE "rails_validations_test" ENCODING = 'unicode'[0m
  [1m[35m (14.5ms)[0m  [1m[35mCREATE TABLE "schema_migrations" ("version" character varying NOT NULL PRIMARY KEY)[0m
  [1m[35m (1.2ms)[0m  [1m[35mCREATE TABLE "ar_internal_metadata" ("key" character varying NOT NULL PRIMARY KEY, "value" character varying, "created_at" timestamp(6) NOT NULL, "updated_at" timestamp(6) NOT NULL)[0m
  [1m[35m (0.1ms)[0m  [1m[34mSELECT pg_try_advisory_lock(978298965310466940)[0m
  [1m[36mActiveRecord::SchemaMigration Load (0.6ms)[0m  [1m[34mSELECT "schema_migrations"."version" FROM "schema_migrations" ORDER BY "schema_migrations"."version" ASC[0m
  [1m[36mActiveRecord::InternalMetadata Load (5.3ms)[0m  [1m[34mSELECT * FROM "ar_internal_metadata" WHERE "ar_internal_metadata"."key" = $1 ORDER BY "ar_internal_metadata"."key" ASC LIMIT 1[0m  [[nil, "environment"]]
  [1m[36mActiveRecord::InternalMetadata Create (1.2ms)[0m  [1m[32mINSERT INTO "ar_internal_metadata" ("key", "value", "created_at", "updated_at") VALUES ('environment', 'development', '2024-01-25 00:06:40.439396', '2024-01-25 00:06:40.439398') RETURNING "key"[0m
Migrating to CreateAccounts (20240124214602)
  [1m[36mTRANSACTION (0.1ms)[0m  [1m[35mBEGIN[0m
  [1m[35m (18.5ms)[0m  [1m[35mCREATE TABLE "accounts" ("id" bigserial primary key, "username" character varying, "password" character varying, "email" character varying, "created_at" timestamp(6) NOT NULL, "updated_at" timestamp(6) NOT NULL)[0m
  [1m[36mActiveRecord::SchemaMigration Create (0.5ms)[0m  [1m[32mINSERT INTO "schema_migrations" ("version") VALUES ('20240124214602') RETURNING "version"[0m
  [1m[36mTRANSACTION (0.4ms)[0m  [1m[35mCOMMIT[0m
  [1m[35m (0.4ms)[0m  [1m[34mSELECT pg_advisory_unlock(978298965310466940)[0m
  [1m[36mActiveRecord::SchemaMigration Load (0.2ms)[0m  [1m[34mSELECT "schema_migrations"."version" FROM "schema_migrations" ORDER BY "schema_migrations"."version" ASC[0m
  [1m[36mAccount Load (0.7ms)[0m  [1m[34mSELECT "accounts".* FROM "accounts" /* loading for pp */ LIMIT $1[0m  [["LIMIT", 11]]
  [1m[36mTRANSACTION (0.1ms)[0m  [1m[35mBEGIN[0m
  [1m[36mAccount Exists? (1.3ms)[0m  [1m[34mSELECT 1 AS one FROM "accounts" WHERE "accounts"."username" = $1 LIMIT $2[0m  [["username", "keoni"], ["LIMIT", 1]]
  [1m[36mAccount Exists? (0.1ms)[0m  [1m[34mSELECT 1 AS one FROM "accounts" WHERE "accounts"."password" = $1 LIMIT $2[0m  [["password", "[FILTERED]"], ["LIMIT", 1]]
  [1m[36mTRANSACTION (0.4ms)[0m  [1m[31mROLLBACK[0m
  [1m[36mTRANSACTION (0.2ms)[0m  [1m[35mBEGIN[0m
  [1m[36mAccount Exists? (1.0ms)[0m  [1m[34mSELECT 1 AS one FROM "accounts" WHERE "accounts"."username" = $1 LIMIT $2[0m  [["username", "keoni"], ["LIMIT", 1]]
  [1m[36mAccount Exists? (0.2ms)[0m  [1m[34mSELECT 1 AS one FROM "accounts" WHERE "accounts"."password" = $1 LIMIT $2[0m  [["password", "[FILTERED]"], ["LIMIT", 1]]
  [1m[36mAccount Create (10.0ms)[0m  [1m[32mINSERT INTO "accounts" ("username", "password", "email", "created_at", "updated_at") VALUES ($1, $2, $3, $4, $5) RETURNING "id"[0m  [["username", "keoni"], ["password", "[FILTERED]"], ["email", "keonisemail@me.com"], ["created_at", "2024-01-25 00:33:52.879439"], ["updated_at", "2024-01-25 00:33:52.879439"]]
  [1m[36mTRANSACTION (25.2ms)[0m  [1m[35mCOMMIT[0m
  [1m[36mTRANSACTION (6.8ms)[0m  [1m[35mBEGIN[0m
  [1m[36mAccount Exists? (14.9ms)[0m  [1m[34mSELECT 1 AS one FROM "accounts" WHERE "accounts"."username" = $1 LIMIT $2[0m  [["username", "saka"], ["LIMIT", 1]]
  [1m[36mAccount Exists? (0.2ms)[0m  [1m[34mSELECT 1 AS one FROM "accounts" WHERE "accounts"."password" = $1 LIMIT $2[0m  [["password", "[FILTERED]"], ["LIMIT", 1]]
  [1m[36mTRANSACTION (1.5ms)[0m  [1m[31mROLLBACK[0m
  [1m[36mTRANSACTION (0.1ms)[0m  [1m[35mBEGIN[0m
  [1m[36mAccount Exists? (0.7ms)[0m  [1m[34mSELECT 1 AS one FROM "accounts" WHERE "accounts"."username" = $1 LIMIT $2[0m  [["username", "sakaa"], ["LIMIT", 1]]
  [1m[36mAccount Exists? (0.1ms)[0m  [1m[34mSELECT 1 AS one FROM "accounts" WHERE "accounts"."password" = $1 LIMIT $2[0m  [["password", "[FILTERED]"], ["LIMIT", 1]]
  [1m[36mAccount Create (2.9ms)[0m  [1m[32mINSERT INTO "accounts" ("username", "password", "email", "created_at", "updated_at") VALUES ($1, $2, $3, $4, $5) RETURNING "id"[0m  [["username", "sakaa"], ["password", "[FILTERED]"], ["email", "sakaasemail@me.com"], ["created_at", "2024-01-25 00:36:11.775096"], ["updated_at", "2024-01-25 00:36:11.775096"]]
  [1m[36mTRANSACTION (0.6ms)[0m  [1m[35mCOMMIT[0m
